C:\USERS\HIHO\DESKTOP\GWARS\GWARS\DEBUG\ACTOR.OBJ
C:\USERS\HIHO\DESKTOP\GWARS\GWARS\DEBUG\ENGINE.OBJ
C:\USERS\HIHO\DESKTOP\GWARS\GWARS\DEBUG\GWARS.OBJ
C:\USERS\HIHO\DESKTOP\GWARS\GWARS\DEBUG\RENDERMANAGER.OBJ
C:\USERS\HIHO\DESKTOP\GWARS\GWARS\DEBUG\SETTINGS.OBJ
C:\USERS\HIHO\DESKTOP\GWARS\GWARS\DEBUG\WORLD.OBJ
C:\USERS\HIHO\DESKTOP\GWARS\GWARS\DEBUG\VC110.PDB
C:\Users\hiho\Desktop\GWars\GWars\Debug\Actor.obj
C:\Users\hiho\Desktop\GWars\GWars\Debug\Engine.obj
C:\Users\hiho\Desktop\GWars\GWars\Debug\GWars.obj
C:\Users\hiho\Desktop\GWars\GWars\Debug\RenderManager.obj
C:\Users\hiho\Desktop\GWars\GWars\Debug\Settings.obj
C:\Users\hiho\Desktop\GWars\GWars\Debug\World.obj
C:\Users\hiho\Desktop\GWars\GWars\Debug\cl.command.1.tlog
C:\Users\hiho\Desktop\GWars\GWars\Debug\CL.read.1.tlog
C:\Users\hiho\Desktop\GWars\GWars\Debug\CL.write.1.tlog
C:\Users\hiho\Desktop\GWars\GWars\Debug\link-cvtres.read.1.tlog
C:\Users\hiho\Desktop\GWars\GWars\Debug\link-cvtres.write.1.tlog
C:\Users\hiho\Desktop\GWars\GWars\Debug\link-rc.read.1.tlog
C:\Users\hiho\Desktop\GWars\GWars\Debug\link-rc.write.1.tlog
C:\Users\hiho\Desktop\GWars\GWars\Debug\link.command.1.tlog
C:\Users\hiho\Desktop\GWars\GWars\Debug\link.read.1.tlog
C:\Users\hiho\Desktop\GWars\GWars\Debug\link.write.1.tlog
C:\Users\hiho\Desktop\GWars\GWars\Debug\vc110.idb
C:\Users\hiho\Desktop\GWars\GWars\Debug\vc110.pdb
C:\Users\hiho\Desktop\GWars\Debug\GWars.pdb
